Using pre-set license
Built from '2021.3/staging' branch; Version is '2021.3.4f1 (cb45f9cae8b7) revision 13321721'; Using compiler version '192829333'; Build Type 'Release'
OS: 'Windows 11  (10.0.22621) 64bit CoreCountrySpecific' Language: 'zh' Physical Memory: 64942 MB
BatchMode: 1, IsHumanControllingUs: 0, StartBugReporterOnCrash: 0, Is64bit: 1, IsPro: 1

COMMAND LINE ARGUMENTS:
D:\Game\Unity\UnityEditor\2021.3.4f1\Editor\Unity.exe
-adb2
-batchMode
-noUpm
-name
AssetImportWorker2
-projectPath
D:/Game/Unity/Project/Delivery_Driver
-logFile
Logs/AssetImportWorker2.log
-srvPort
60309
Successfully changed project path to: D:/Game/Unity/Project/Delivery_Driver
D:/Game/Unity/Project/Delivery_Driver
[UnityMemory] Configuration Parameters - Can be set up in boot.config
    "memorysetup-bucket-allocator-granularity=16"
    "memorysetup-bucket-allocator-bucket-count=8"
    "memorysetup-bucket-allocator-block-size=33554432"
    "memorysetup-bucket-allocator-block-count=8"
    "memorysetup-main-allocator-block-size=16777216"
    "memorysetup-thread-allocator-block-size=16777216"
    "memorysetup-gfx-main-allocator-block-size=16777216"
    "memorysetup-gfx-thread-allocator-block-size=16777216"
    "memorysetup-cache-allocator-block-size=4194304"
    "memorysetup-typetree-allocator-block-size=2097152"
    "memorysetup-profiler-bucket-allocator-granularity=16"
    "memorysetup-profiler-bucket-allocator-bucket-count=8"
    "memorysetup-profiler-bucket-allocator-block-size=33554432"
    "memorysetup-profiler-bucket-allocator-block-count=8"
    "memorysetup-profiler-allocator-block-size=16777216"
    "memorysetup-profiler-editor-allocator-block-size=1048576"
    "memorysetup-temp-allocator-size-main=16777216"
    "memorysetup-job-temp-allocator-block-size=2097152"
    "memorysetup-job-temp-allocator-block-size-background=1048576"
    "memorysetup-job-temp-allocator-reduction-small-platforms=262144"
    "memorysetup-temp-allocator-size-background-worker=32768"
    "memorysetup-temp-allocator-size-job-worker=262144"
    "memorysetup-temp-allocator-size-preload-manager=33554432"
    "memorysetup-temp-allocator-size-nav-mesh-worker=65536"
    "memorysetup-temp-allocator-size-audio-worker=65536"
    "memorysetup-temp-allocator-size-cloud-worker=32768"
    "memorysetup-temp-allocator-size-gi-baking-worker=262144"
    "memorysetup-temp-allocator-size-gfx=262144"
Refreshing native plugins compatible for Editor in 123.79 ms, found 4 plugins.
Preloading 0 native plugins for Editor in 0.00 ms.
Initialize engine version: 2021.3.4f1 (cb45f9cae8b7)
[Subsystems] Discovering subsystems at path D:/Game/Unity/UnityEditor/2021.3.4f1/Editor/Data/Resources/UnitySubsystems
[Subsystems] Discovering subsystems at path D:/Game/Unity/Project/Delivery_Driver/Assets
GfxDevice: creating device client; threaded=0; jobified=0
Direct3D:
    Version:  Direct3D 11.0 [level 11.1]
    Renderer: NVIDIA GeForce RTX 3080 Laptop GPU (ID=0x249c)
    Vendor:   NVIDIA
    VRAM:     16191 MB
    Driver:   31.0.15.3699
Initialize mono
Mono path[0] = 'D:/Game/Unity/UnityEditor/2021.3.4f1/Editor/Data/Managed'
Mono path[1] = 'D:/Game/Unity/UnityEditor/2021.3.4f1/Editor/Data/MonoBleedingEdge/lib/mono/unityjit-win32'
Mono config path = 'D:/Game/Unity/UnityEditor/2021.3.4f1/Editor/Data/MonoBleedingEdge/etc'
Using monoOptions --debugger-agent=transport=dt_socket,embedding=1,server=y,suspend=n,address=127.0.0.1:56936
Begin MonoManager ReloadAssembly
Registering precompiled unity dll's ...
Register platform support module: D:/Game/Unity/UnityEditor/2021.3.4f1/Editor/Data/PlaybackEngines/WebGLSupport/UnityEditor.WebGL.Extensions.dll
Register platform support module: D:/Game/Unity/UnityEditor/2021.3.4f1/Editor/Data/PlaybackEngines/WindowsStandaloneSupport/UnityEditor.WindowsStandalone.Extensions.dll
Registered in 0.002756 seconds.
Native extension for WindowsStandalone target not found
Native extension for WebGL target not found
Refreshing native plugins compatible for Editor in 87.74 ms, found 4 plugins.
Preloading 0 native plugins for Editor in 0.00 ms.
Mono: successfully reloaded assembly
- Completed reload, in  0.643 seconds
Domain Reload Profiling:
	ReloadAssembly (643ms)
		BeginReloadAssembly (71ms)
			ExecutionOrderSort (0ms)
			DisableScriptedObjects (0ms)
			BackupInstance (0ms)
			ReleaseScriptingObjects (0ms)
			CreateAndSetChildDomain (1ms)
		EndReloadAssembly (469ms)
			LoadAssemblies (69ms)
			RebuildTransferFunctionScriptingTraits (0ms)
			SetupTypeCache (108ms)
			ReleaseScriptCaches (0ms)
			RebuildScriptCaches (30ms)
			SetupLoadedEditorAssemblies (277ms)
				LogAssemblyErrors (0ms)
				InitializePlatformSupportModulesInManaged (9ms)
				SetLoadedEditorAssemblies (0ms)
				RefreshPlugins (88ms)
				BeforeProcessingInitializeOnLoad (1ms)
				ProcessInitializeOnLoadAttributes (136ms)
				ProcessInitializeOnLoadMethodAttributes (43ms)
				AfterProcessingInitializeOnLoad (0ms)
				EditorAssembliesLoaded (0ms)
			ExecutionOrderSort2 (0ms)
			AwakeInstancesAfterBackupRestoration (0ms)
Platform modules already initialized, skipping
Registering precompiled user dll's ...
Registered in 0.004356 seconds.
Begin MonoManager ReloadAssembly
Symbol file LoadedFromMemory doesn't match image D:\Game\Unity\Project\Delivery_Driver\Library\PackageCache\com.unity.visualscripting@1.7.8\Editor\VisualScripting.Core\Dependencies\YamlDotNet\Unity.VisualScripting.YamlDotNet.dll
Symbol file LoadedFromMemory doesn't match image D:\Game\Unity\Project\Delivery_Driver\Library\PackageCache\com.unity.visualscripting@1.7.8\Editor\VisualScripting.Core\Dependencies\DotNetZip\Unity.VisualScripting.IonicZip.dll
Native extension for WindowsStandalone target not found
Native extension for WebGL target not found
Refreshing native plugins compatible for Editor in 84.53 ms, found 4 plugins.
Preloading 0 native plugins for Editor in 0.00 ms.
Mono: successfully reloaded assembly
- Completed reload, in  1.045 seconds
Domain Reload Profiling:
	ReloadAssembly (1046ms)
		BeginReloadAssembly (94ms)
			ExecutionOrderSort (0ms)
			DisableScriptedObjects (5ms)
			BackupInstance (0ms)
			ReleaseScriptingObjects (0ms)
			CreateAndSetChildDomain (22ms)
		EndReloadAssembly (857ms)
			LoadAssemblies (70ms)
			RebuildTransferFunctionScriptingTraits (0ms)
			SetupTypeCache (229ms)
			ReleaseScriptCaches (1ms)
			RebuildScriptCaches (59ms)
			SetupLoadedEditorAssemblies (450ms)
				LogAssemblyErrors (0ms)
				InitializePlatformSupportModulesInManaged (5ms)
				SetLoadedEditorAssemblies (0ms)
				RefreshPlugins (85ms)
				BeforeProcessingInitializeOnLoad (88ms)
				ProcessInitializeOnLoadAttributes (222ms)
				ProcessInitializeOnLoadMethodAttributes (48ms)
				AfterProcessingInitializeOnLoad (2ms)
				EditorAssembliesLoaded (0ms)
			ExecutionOrderSort2 (0ms)
			AwakeInstancesAfterBackupRestoration (6ms)
Platform modules already initialized, skipping
========================================================================
Worker process is ready to serve import requests
Launched and connected shader compiler UnityShaderCompiler.exe after 0.05 seconds
Refreshing native plugins compatible for Editor in 1.74 ms, found 4 plugins.
Preloading 0 native plugins for Editor in 0.00 ms.
Unloading 4058 Unused Serialized files (Serialized files now loaded: 0)
Unloading 44 unused Assets / (222.8 KB). Loaded Objects now: 4507.
Memory consumption went from 151.0 MB to 150.8 MB.
Total: 4.139500 ms (FindLiveObjects: 0.464300 ms CreateObjectMapping: 0.147500 ms MarkObjects: 3.309700 ms  DeleteObjects: 0.215600 ms)

AssetImportParameters requested are different than current active one (requested -> active):
  custom:video-decoder-ogg-theora: a1e56fd34408186e4bbccfd4996cb3dc -> 
  custom:container-muxer-webm: aa71ff27fc2769a1b78a27578f13a17b -> 
  custom:container-demuxer-webm: 4f35f7cbe854078d1ac9338744f61a02 -> 
  custom:video-encoder-webm-vp8: eb34c28f22e8b96e1ab97ce403110664 -> 
  custom:video-codec-MediaFoundation-h265: 746d11721c4dcdbdad8f713fa42b33f4 -> 
  custom:audio-encoder-webm-vorbis: bf7c407c2cedff20999df2af8eb42d56 -> 
  custom:framework-win-MediaFoundation: 216162199b28c13a410421893ffa2e32 -> 
  custom:container-demuxer-ogg: 62fdf1f143b41e24485cea50d1cbac27 -> 
  custom:video-decoder-webm-vp8: 9c59270c3fd7afecdb556c50c9e8de78 -> 
  custom:audio-decoder-ogg-vorbis: bf7c407c2cedff20999df2af8eb42d56 -> 
========================================================================
Received Import Request.
  Time since last request: 4071.621692 seconds.
  path: Assets/Delivery Driver Assets/House 1.png
  artifactKey: Guid(1f7bfb834393f9c40b373fb37d31a0bc) Importer(815301076,1909f56bfc062723c751e8b465ee728b)
Start importing Assets/Delivery Driver Assets/House 1.png using Guid(1f7bfb834393f9c40b373fb37d31a0bc) Importer(815301076,1909f56bfc062723c751e8b465ee728b)  -> (artifact id: '3ab872a8d4e33777cc16b01ab74b6704') in 0.091189 seconds 
========================================================================
Received Import Request.
  Time since last request: 23.015510 seconds.
  path: Assets/Delivery Driver Assets/House 1.png
  artifactKey: Guid(1f7bfb834393f9c40b373fb37d31a0bc) Importer(815301076,1909f56bfc062723c751e8b465ee728b)
Start importing Assets/Delivery Driver Assets/House 1.png using Guid(1f7bfb834393f9c40b373fb37d31a0bc) Importer(815301076,1909f56bfc062723c751e8b465ee728b)  -> (artifact id: '1f5781358fdd563b400603846893540b') in 0.014500 seconds 
========================================================================
Received Import Request.
  Time since last request: 50.964378 seconds.
  path: Assets/Delivery Driver Assets/House 2.png
  artifactKey: Guid(4ba61c5fc8f1d674cb9426c9019b9624) Importer(815301076,1909f56bfc062723c751e8b465ee728b)
Start importing Assets/Delivery Driver Assets/House 2.png using Guid(4ba61c5fc8f1d674cb9426c9019b9624) Importer(815301076,1909f56bfc062723c751e8b465ee728b)  -> (artifact id: '9ce95b53871f82b435e7af3718ac6fec') in 0.013396 seconds 
========================================================================
Received Import Request.
  Time since last request: 3.917774 seconds.
  path: Assets/Delivery Driver Assets/House 3.png
  artifactKey: Guid(da109e988bbe74f40a7ed383d2771657) Importer(815301076,1909f56bfc062723c751e8b465ee728b)
Start importing Assets/Delivery Driver Assets/House 3.png using Guid(da109e988bbe74f40a7ed383d2771657) Importer(815301076,1909f56bfc062723c751e8b465ee728b)  -> (artifact id: '6c3d9df83e884adb41233236e918195b') in 0.013343 seconds 
========================================================================
Received Import Request.
  Time since last request: 29.526418 seconds.
  path: Assets/Delivery Driver Assets/Road 2.png
  artifactKey: Guid(26be4bddfa638ef448e2062650094be7) Importer(815301076,1909f56bfc062723c751e8b465ee728b)
Start importing Assets/Delivery Driver Assets/Road 2.png using Guid(26be4bddfa638ef448e2062650094be7) Importer(815301076,1909f56bfc062723c751e8b465ee728b)  -> (artifact id: 'f8bf94b9de5279e6a3a4c8bfc7125dbd') in 0.030725 seconds 
========================================================================
Received Import Request.
  Time since last request: 22.886233 seconds.
  path: Assets/Delivery Driver Assets/Tree 1.png
  artifactKey: Guid(f4ca5f423eae0f8448e768ec15c4c9f6) Importer(815301076,1909f56bfc062723c751e8b465ee728b)
Start importing Assets/Delivery Driver Assets/Tree 1.png using Guid(f4ca5f423eae0f8448e768ec15c4c9f6) Importer(815301076,1909f56bfc062723c751e8b465ee728b)  -> (artifact id: '9d925b282abf080fe6bb641bcacc4a4a') in 0.013474 seconds 
========================================================================
Received Import Request.
  Time since last request: 0.000028 seconds.
  path: Assets/Delivery Driver Assets/Tree 3.png
  artifactKey: Guid(6013547430c8fcf43863d052c2f28809) Importer(815301076,1909f56bfc062723c751e8b465ee728b)
Start importing Assets/Delivery Driver Assets/Tree 3.png using Guid(6013547430c8fcf43863d052c2f28809) Importer(815301076,1909f56bfc062723c751e8b465ee728b)  -> (artifact id: 'bc8ef12103418b1dac4b3dd5d15f18a2') in 0.015845 seconds 
========================================================================
Received Import Request.
  Time since last request: 0.000027 seconds.
  path: Assets/Delivery Driver Assets/Tree 4.png
  artifactKey: Guid(fc55f8e04d007e645b97f44925903648) Importer(815301076,1909f56bfc062723c751e8b465ee728b)
Start importing Assets/Delivery Driver Assets/Tree 4.png using Guid(fc55f8e04d007e645b97f44925903648) Importer(815301076,1909f56bfc062723c751e8b465ee728b)  -> (artifact id: '830a85f919cd60280c75b5fe0276f5fc') in 0.016468 seconds 
========================================================================
Received Import Request.
  Time since last request: 14.493760 seconds.
  path: Assets/Delivery Driver Assets/Tree 1.png
  artifactKey: Guid(f4ca5f423eae0f8448e768ec15c4c9f6) Importer(815301076,1909f56bfc062723c751e8b465ee728b)
Start importing Assets/Delivery Driver Assets/Tree 1.png using Guid(f4ca5f423eae0f8448e768ec15c4c9f6) Importer(815301076,1909f56bfc062723c751e8b465ee728b)  -> (artifact id: 'a2ac933ed100aaef99a004f63f800225') in 0.011886 seconds 
========================================================================
Received Import Request.
  Time since last request: 0.000039 seconds.
  path: Assets/Delivery Driver Assets/Tree 3.png
  artifactKey: Guid(6013547430c8fcf43863d052c2f28809) Importer(815301076,1909f56bfc062723c751e8b465ee728b)
Start importing Assets/Delivery Driver Assets/Tree 3.png using Guid(6013547430c8fcf43863d052c2f28809) Importer(815301076,1909f56bfc062723c751e8b465ee728b)  -> (artifact id: '1331f72ca80d1d22670ff7ffdf09c716') in 0.017141 seconds 
========================================================================
Received Import Request.
  Time since last request: 38.339869 seconds.
  path: Assets/Delivery Driver Assets/Corner 1.png
  artifactKey: Guid(f143fbbdf708a7a46a8dd7eeffa9e0ae) Importer(815301076,1909f56bfc062723c751e8b465ee728b)
Start importing Assets/Delivery Driver Assets/Corner 1.png using Guid(f143fbbdf708a7a46a8dd7eeffa9e0ae) Importer(815301076,1909f56bfc062723c751e8b465ee728b)  -> (artifact id: '803f4886dc5a17178698c5ff327a9bd2') in 0.105946 seconds 
========================================================================
Received Import Request.
  Time since last request: 0.000042 seconds.
  path: Assets/Delivery Driver Assets/Corner 3.png
  artifactKey: Guid(60259481fb69c8747aaa80b86c670c01) Importer(815301076,1909f56bfc062723c751e8b465ee728b)
Start importing Assets/Delivery Driver Assets/Corner 3.png using Guid(60259481fb69c8747aaa80b86c670c01) Importer(815301076,1909f56bfc062723c751e8b465ee728b)  -> (artifact id: '7ad804d0538658e11e4ed0f6a21923dd') in 0.027170 seconds 
========================================================================
Received Import Request.
  Time since last request: 0.000030 seconds.
  path: Assets/Delivery Driver Assets/Corner 4.png
  artifactKey: Guid(706a89d7a6b44cc4e9879a3308c6efb6) Importer(815301076,1909f56bfc062723c751e8b465ee728b)
Start importing Assets/Delivery Driver Assets/Corner 4.png using Guid(706a89d7a6b44cc4e9879a3308c6efb6) Importer(815301076,1909f56bfc062723c751e8b465ee728b)  -> (artifact id: '00bbfb3a27355b7d997ec36dfb7f85c7') in 0.066763 seconds 
Editor requested this worker to shutdown with reason: Scaling down because of idle timeout
AssetImportWorker is now disconnected from the server
Process exiting
Exiting without the bug reporter. Application will terminate with return code 0